PING google.com (64.233.161.100) 56(84) bytes of data.
18.3 
24.1 
15.5 
20.1 
15.5 
25.8 
60.2 
15.5 
15.5 
15.9 
18.5 
16.4 
27.5 
16.6 
18.7 
17.4 
17.5 
23.9 
24.0 
25.2 
15.8 
29.3 
19.5 
28.9 
18.5 
19.2 
21.0 
36.9 
20.0 
18.1 
40.6 
17.3 
16.3 
16.0 
17.8 
17.9 
16.2 
22.4 
17.4 
23.3 
15.6 
17.2 
15.9 
17.3 
16.6 
19.9 
18.4 
18.5 
15.3 
18.6 
18.1 
15.6 
15.6 
18.4 
36.7 
21.3 
27.1 
21.0 
18.8 
46.5 
64.7 
28.0 
16.5 
37.1 
16.9 
16.6 
18.9 
19.6 
16.2 
22.2 
15.6 
20.5 
19.9 
15.9 
19.2 
19.0 
16.9 
19.7 
18.2 
16.1 
17.3 
18.2 
17.4 
26.2 
17.1 
19.4 
19.7 
33.0 
17.1 
15.9 
25.9 
19.1 
19.7 
21.1 
16.0 
16.0 
17.5 
15.8 
18.0 
16.7 
15.9 
16.2 
18.8 
25.2 
15.8 
16.8 
15.8 
27.8 
18.0 
16.3 
17.4 
15.6 
16.3 
16.7 
15.8 
15.9 
20.7 
17.1 
15.6 
17.3 
20.6 
20.5 
17.3 
27.3 
17.7 
16.8 
17.3 
18.1 
16.2 
16.1 
16.0 
16.1 
15.6 
21.2 
15.8 
17.6 
18.3 
18.7 
16.3 
15.9 
19.6 
18.1 
17.2 
15.1 
15.0 
15.4 
18.8 
16.1 
16.3 
20.0 
15.6 
18.8 
16.7 
19.0 
24.7 
16.3 
18.0 
22.0 
16.1 
15.7 
17.2 
19.6 
15.6 
17.2 
15.8 
17.5 
16.5 
15.9 
15.9 
16.0 
15.9 
19.8 
20.6 
15.7 
16.0 
21.0 
16.1 
18.5 
75.6 
16.3 
17.9 
17.7 
16.3 
15.9 
18.7 
16.6 
15.8 
16.6 
16.0 
17.3 
16.7 
15.7 
18.1 
19.2 
15.9 
18.6 
16.4 
19.3 
20.7 
17.8 
16.2 
16.8 
15.7 
19.8 
22.1 
31.6 
16.2 
20.6 
53.6 
18.3 
15.8 
15.7 
22.0 
17.7 
17.7 
18.9 
17.4 
18.0 
20.5 
17.7 
15.8 
15.5 
15.7 
16.1 
16.1 
16.1 
15.7 
20.7 
15.8 
16.0 
15.6 
20.1 
17.1 
16.7 
16.5 
17.7 
15.7 
19.2 
16.0 
17.8 
15.6 
16.1 
31.4 
18.2 
16.5 
41.0 
18.0 
16.0 
15.9 
22.8 
15.6 
17.4 
18.8 
17.1 
15.8 
15.7 
16.4 
17.9 
16.2 
20.4 
16.5 
20.0 
17.8 
16.0 
15.6 
19.3 
19.5 
15.8 
59.7 
17.5 
18.4 
16.3 
16.8 
17.6 
17.5 
18.9 
47.9 
18.4 
18.0 
17.2 
18.0 
24.0 
30.4 
16.3 
17.8 
55.1 
19.4 
18.5 
20.0 
16.6 
24.3 
18.7 
16.3 
17.9 
22.0 
22.4 
16.5 
24.7 
62.5 
22.1 
22.2 
15.4 
16.5 
17.5 
15.7 
15.8 
16.2 
17.7 
18.7 
16.5 
17.4 
16.5 
19.6 
16.0 
15.4 
17.7 
17.9 
16.8 
21.3 
17.9 
15.9 
17.0 
17.0 
15.9 
15.8 
15.7 
16.1 
15.9 
16.0 
17.1 
15.6 
16.6 
22.1 
23.5 
16.0 
21.6 
16.0 
25.9 
16.3 
35.1 
41.9 
17.1 
28.3 
25.2 
17.6 
15.8 
15.5 
16.1 
16.0 
15.7 
16.5 
15.7 
17.3 
15.9 
15.9 
17.3 
15.9 
16.6 
16.6 
15.9 
16.1 
18.3 
15.3 
15.5 
15.9 
17.8 
15.7 
16.0 
17.3 
17.5 
20.8 
18.8 
19.6 
21.3 
15.3 
16.5 
24.4 
18.2 
23.6 
27.3 
19.0 
17.0 
16.2 
15.9 
17.3 
15.8 
17.6 
15.9 
17.5 
17.4 
16.9 
16.0 
15.7 
18.8 
15.7 
24.1 
15.9 
16.3 
18.1 
15.8 
17.8 
18.6 
17.6 
15.4 
18.1 
16.5 
16.1 
15.7 
15.5 
16.9 
17.6 
17.7 
15.6 
21.5 
18.3 
20.9 
16.0 
18.8 
17.6 
17.7 
17.4 
17.3 
17.2 
17.7 
18.0 
17.3 
15.5 
17.9 
16.2 
17.2 
22.5 
17.8 
17.4 
15.8 
15.5 
18.5 
16.2 
16.0 
16.5 
17.9 
16.0 
18.4 
16.0 
17.4 
16.3 
19.4 
18.9 
15.6 
15.9 
19.9 
19.7 
17.6 
17.6 
15.7 
16.0 
15.7 
19.8 
17.3 
16.0 
15.9 
16.9 
16.0 
19.9 
18.1 
18.4 
16.3 
16.4 
16.2 
22.7 
15.8 
15.5 
17.5 
17.5 
16.2 
19.6 
17.5 
18.0 
18.4 
23.6 
15.7 
20.9 
17.2 
15.9 
17.2 
17.7 
18.7 
20.5 
16.6 
16.3 
17.6 
17.7 
19.0 
15.6 
15.5 
15.7 
17.0 
16.1 
19.7 
18.8 
17.8 
17.7 
16.5 
16.1 
15.9 
17.5 
16.6 
18.8 
17.5 
16.1 
16.3 
19.1 
17.5 
16.1 
15.7 
15.9 
17.9 
21.4 
36.0 
16.2 
15.7 
15.5 
15.5 
15.8 
18.2 
16.1 
16.1 
50.7 
15.7 
15.9 
17.6 
17.9 
17.6 
17.3 
18.9 
23.3 
18.4 
21.2 
17.2 
21.6 
18.7 
16.2 
18.5 
15.8 
15.6 
17.4 
17.1 
17.2 
16.1 
16.0 
16.4 
15.8 
17.0 
16.2 
17.7 
17.5 
18.1 
15.7 
16.2 
15.7 
16.3 
17.8 
18.0 
17.6 
19.7 
19.6 
18.6 
15.7 
16.0 
17.6 
17.0 
17.9 
102 
25.8 
111 
49.1 
17.1 
17.3 
17.5 
15.5 
23.4 
17.2 
17.4 
15.9 
15.8 
20.9 
15.9 
67.2 
15.9 
17.3 
20.7 
15.7 
18.2 
16.1 
18.0 
16.2 
15.6 
17.3 
19.4 
15.5 
18.7 
15.7 
17.6 
15.4 
24.8 
18.1 
22.9 
15.6 
16.4 
17.5 
15.5 
15.6 
17.5 
18.3 
17.3 
15.6 
15.9 
16.6 
15.8 
17.7 
16.3 
15.6 
43.1 
16.2 
15.6 
18.5 
19.7 
18.1 
16.9 
24.8 
16.6 
16.2 
21.2 
17.6 
16.6 
16.1 
20.8 
15.6 
16.8 
17.2 
15.6 
15.6 
17.0 
16.5 
16.8 
16.9 
16.4 
19.4 
15.8 
16.5 
108 
63.5 
17.0 
17.4 
16.9 
15.9 
17.2 
16.2 
18.3 
18.2 
19.1 
17.2 
17.6 
17.3 
17.4 
17.4 
18.1 
17.2 
15.9 
17.2 
15.6 
17.1 
17.4 
16.6 
16.0 
22.6 
26.6 
27.2 
17.3 
16.3 
15.5 
19.8 
15.9 
18.7 
16.1 
15.6 
15.5 
17.4 
15.9 
16.6 
16.8 
15.7 
18.4 
17.4 
17.5 
15.7 
16.3 
15.6 
15.4 
18.3 
17.8 
16.9 
16.7 
17.7 
15.8 
16.1 
17.8 
16.0 
23.4 
15.7 
16.5 
16.0 
17.9 
16.1 
24.5 
18.8 
16.6 
16.7 
16.1 
17.7 
19.5 
15.7 
15.6 
19.3 
16.3 
16.4 
17.6 
16.4 
18.0 
15.8 
15.4 
20.1 
18.7 
16.2 
23.6 
15.7 
17.4 
15.5 
19.2 
15.6 
17.6 
18.3 
15.7 
15.7 
18.2 
16.7 
15.8 
15.7 
18.6 
16.3 
19.1 
16.4 
18.3 
18.4 
16.0 
17.4 
18.0 
15.7 
16.0 
16.0 
16.5 
18.6 
19.0 
20.0 
17.3 
15.8 
15.8 
19.3 
20.5 
17.7 
15.6 
16.0 
16.3 
16.4 
22.0 
18.5 
15.8 
16.0 
25.8 
15.4 
15.5 
18.0 
17.8 
17.7 
16.3 
16.1 
16.2 
17.2 
16.3 
15.8 
16.1 
16.3 
18.0 
17.6 
17.2 
16.5 
18.5 
17.8 
18.2 
15.8 
15.3 
16.3 
16.6 
15.8 
15.9 
15.9 
15.5 
15.6 
15.9 
16.1 
18.7 
15.6 
16.3 
15.7 
17.3 
16.0 
18.6 
16.2 
15.7 
15.9 
19.2 
15.7 
20.0 
16.0 
15.9 
15.9 
17.1 
16.6 
18.3 
20.4 
15.6 
16.3 
18.6 
16.0 
16.0 
20.4 
16.3 
16.2 
15.6 
16.9 
17.2 
17.2 
17.5 
15.9 
16.1 
16.9 
18.7 
15.7 
17.1 
16.0 
15.9 
15.7 
15.9 
17.8 
16.5 
15.9 
18.4 
15.8 
16.0 
15.9 
17.4 
17.5 
18.1 
15.3 
15.6 
21.3 
17.9 
16.0 
16.2 
16.0 
16.3 
15.8 
15.7 
16.3 
16.3 
16.1 
15.8 
19.4 
17.6 
15.9 
16.1 
24.6 
17.9 
17.3 
17.5 
17.4 
18.0 
15.1 
15.6 
16.0 
15.9 
16.5 
16.0 
16.4 
15.7 
17.3 
29.6 
19.7 
17.8 
16.3 
15.6 
17.7 
16.2 
17.5 
16.3 
15.8 
15.8 
20.7 
19.1 
18.3 
21.7 
15.5 
17.7 
18.5 
18.1 
16.6 
16.7 
19.4 
20.0 
21.8 
17.8 
17.7 
16.2 
15.9 
16.5 
16.1 
15.9 
16.5 
15.7 
19.0 
15.7 
16.5 
18.6 
16.0 
16.3 
16.0 
16.4 
21.8 
23.5 
15.9 
16.4 
16.1 
16.2 
18.2 
19.0 
15.8 
20.8 
20.5 
15.7 
15.8 
18.0 
18.6 
15.7 
15.6 
17.6 
18.0 
15.5 
20.6 
17.6 
15.6 
16.4 
15.4 
18.9 
15.7 
16.1 
18.9 
15.9 
26.0 
17.8 
15.7 
16.0 
16.8 
16.6 
18.5 
15.8 
15.9 
15.7 
46.6 
18.8 
20.5 
15.5 
25.9 
15.8 
17.7 
15.8 
15.8 
16.2 
17.4 
17.2 
15.7 
15.9 
16.4 
18.5 
15.8 
15.7 
15.4 
15.4 
16.2 
16.0 
17.6 
17.4 
15.8 
15.9 
15.7 
15.6 
17.2 
15.5 
16.3 
15.8 
18.3 
15.9 
15.6 
17.8 
18.0 
18.6 
18.2 
15.5 
16.0 
16.1 
16.2 
16.2 
17.4 
15.9 
15.6 
16.9 
17.1 
15.5 
15.6 
16.4 
16.5 
15.7 
19.8 
16.6 
18.5 
19.5 
17.9 
15.9 
16.2 
17.2 
17.9 
16.0 
16.3 
17.8 
15.7 
15.7 
15.8 
16.7 
20.8 
17.7 
22.4 
16.1 
16.9 
15.8 
18.1 
17.6 
19.7 
15.6 
21.8 
15.4 
17.3 
15.6 
40.2 
15.8 
16.1 
17.7 
15.5 
16.0 
17.7 
16.9 
26.5 
17.5 
17.5 
16.3 
15.7 
16.4 
15.9 
15.7 
17.3 
19.2 
15.9 
17.8 
16.0 
16.7 
18.1 
15.8 
16.0 
16.0 
17.1 
17.0 
15.8 
15.7 
18.4 
16.5 
16.3 
18.8 
17.4 
19.6 
16.2 
16.0 
16.4 
16.9 
15.4 
18.0 
17.7 
17.6 
18.8 
15.6 
20.3 
16.7 
17.0 
16.8 
17.0 
18.4 
17.2 
18.2 
15.6 
18.1 
55.7 
15.8 
16.4 
17.9 
16.1 
18.2 
16.4 
17.7 
17.4 
16.4 
19.0 
17.3 
16.2 
15.6 
18.7 
28.3 
17.7 
17.7 
15.6 
16.0 
15.5 
18.8 
16.3 
17.4 
17.0 
15.8 
15.7 
17.2 
15.5 
15.5 
37.7 
16.9 
19.1 
38.8 
17.2 
17.6 
16.0 
17.1 
16.1 
18.1 
15.5 
23.8 
17.1 
15.9 
16.2 
17.9 
15.9 
15.5 
16.3 
15.8 
16.1 
15.5 
17.0 
15.9 
16.0 
15.8 
16.7 
17.5 
15.4 
16.2 
19.9 
18.3 
18.1 
15.4 
15.9 
15.5 
15.7 
17.4 
15.6 
18.6 
16.0 
15.5 
18.1 
16.4 
17.4 
18.9 
16.0 
17.0 
16.0 
15.8 
15.7 
15.6 
16.1 
15.8 
24.7 
18.7 
21.5 
15.3 
16.7 
15.7 
63.8 
16.5 
15.6 
15.3 
16.6 
16.4 
17.3 
15.9 
20.5 
17.5 
19.5 
15.9 
15.8 
18.8 
15.7 
16.5 
19.6 
17.8 
15.4 
15.6 
17.5 
16.5 
15.9 
15.7 
19.9 
23.7 
18.5 
16.5 
15.9 
16.1 
55.0 
16.2 
15.9 
15.8 
17.5 
16.4 
17.5 
16.1 
16.5 
15.7 
16.9 
17.6 
100 
45.5 
19.2 
15.7 
18.2 
15.8 
16.2 
15.4 
18.4 
19.3 
15.8 
16.8 
15.8 
15.5 
15.6 
17.3 
15.6 
15.6 
19.8 
15.9 
17.3 
15.5 
15.7 
18.7 
18.4 
16.3 
17.5 
16.1 
16.0 
16.5 
15.5 
19.9 
58.2 
18.1 
17.2 
17.3 
21.4 
18.6 
16.6 
15.7 
18.0 
15.7 
17.5 
17.7 
17.2 
16.4 
15.8 
16.0 
17.4 
15.5 
17.6 
16.8 
15.8 
16.2 
18.5 
19.0 
17.2 
17.3 
17.3 
15.6 
15.7 
16.0 
15.6 
17.4 
15.4 
18.2 
15.5 
15.5 
15.5 
17.3 
17.6 
15.9 
16.3 
15.7 
16.0 
15.6 
17.7 
18.0 
17.2 
17.3 
15.8 
17.4 
15.7 
17.7 
16.3 
19.8 
16.1 
17.8 
15.6 
15.7 
15.8 
15.5 
15.6 
16.1 
25.2 
15.6 
16.1 
17.9 
15.5 
17.3 
17.2 
15.6 
15.8 
15.8 
19.0 
15.4 
16.7 
15.7 
15.7 
17.7 
15.5 
18.0 
15.6 
15.7 
15.5 
17.4 
15.9 
15.6 
15.9 
15.5 
16.1 
16.1 
17.5 
16.7 
16.1 
15.7 
15.7 
17.0 
15.4 
20.3 
15.6 
15.9 
15.8 
18.4 
15.6 
15.9 
16.1 
17.8 
15.9 
15.8 
15.8 
16.0 
22.0 
15.4 
15.9 
17.8 
15.7 
16.1 
15.8 
17.6 
33.8 
18.1 
20.0 
16.1 
16.8 
15.6 
15.9 
15.8 
15.8 
633 
33.6 
15.9 
18.0 
16.1 
17.2 
17.3 
17.0 
16.2 
16.2 
17.3 
17.6 
19.4 
17.7 
18.5 
15.8 
16.0 
16.1 
16.8 
16.8 
15.7 
15.7 
16.3 
23.3 
17.4 
17.4 
17.9 
15.5 
15.4 
15.7 
18.3 
19.2 
17.5 
24.1 
20.6 
15.6 
15.9 
16.5 
15.9 
20.1 
16.0 
17.1 
15.5 
15.4 
15.5 
16.4 
15.9 
17.8 
15.6 
16.2 
16.0 
15.6 
15.4 
15.7 
16.0 
16.0 
16.2 
17.6 
17.5 
16.9 
15.7 
15.9 
16.2 
15.1 
14.9 
15.5 
15.8 
15.6 
15.8 
15.8 
16.0 
16.4 
15.0 
15.6 
15.7 
15.3 
19.4 
15.3 
15.7 
17.2 
16.5 
15.5 
18.8 
16.0 
17.6 
19.6 
15.2 
17.6 
18.2 
15.5 
15.6 
15.5 
15.6 
16.0 
17.1 
15.5 
16.1 
18.6 
15.5 
15.4 
16.6 
15.2 
26.9 
15.7 
15.7 
16.9 
16.4 
15.6 
15.6 
15.6 
15.8 
16.0 
19.3 
15.6 
15.8 
16.3 
15.7 
15.9 
16.1 
21.6 
15.5 
16.2 
15.8 
15.6 
16.2 
18.1 
16.9 
17.8 
15.5 
15.5 
17.7 
21.8 
16.0 
15.7 
18.0 
16.0 
16.8 
17.2 
15.8 
16.2 
15.9 
15.5 
15.5 
15.7 
15.5 
17.0 
17.7 
15.9 
20.9 
16.1 
15.5 
15.6 
20.1 
23.6 
15.9 
15.8 
16.5 
15.6 
15.9 
15.5 
15.6 
16.1 
16.5 
15.9 
16.9 
16.1 
15.8 
16.8 
17.6 
17.6 
15.7 
15.8 
15.2 
16.8 
16.9 
15.7 
15.7 
16.8 
17.6 
19.5 
16.7 
15.7 
15.7 
16.3 
15.8 
15.9 
15.8 
19.3 
19.1 
15.8 
17.7 
15.4 
17.3 
15.5 
15.9 
16.2 
15.7 
15.5 
17.5 
15.4 
15.9 
15.9 
17.4 
17.0 
15.8 
17.9 
15.6 
16.2 
15.4 
15.8 
16.3 
15.9 

--- google.com ping statistics ---
1108 packets transmitted, 1101 received, 0% packet loss, time 1107902
rtt min/avg/max/mdev = 14.970/18.423/633.829/19.802 
